<?xml version="1.0" encoding="UTF-8"?>
<!-- Generated by org.testng.reporters.JUnitReportReporter -->
<testsuite hostname="DESKTOP-6E2LR27" failures="0" tests="3" name="practice.DataProviderUsingExcel1" time="133.023" errors="0" timestamp="2023-06-27T13:10:01 IST" skipped="0">
  <testcase classname="practice.DataProviderUsingExcel1" name="createOrgDataPro" time="37.415"/>
  <system-out/>
  <testcase classname="practice.DataProviderUsingExcel1" name="createOrgDataPro" time="37.087"/>
  <system-out/>
  <testcase classname="practice.DataProviderUsingExcel1" name="createOrgDataPro" time="58.521"/>
  <system-out/>
</testsuite> <!-- practice.DataProviderUsingExcel1 -->
