<?xml version="1.0" encoding="UTF-8"?>
<!-- Generated by org.testng.reporters.JUnitReportReporter -->
<testsuite hostname="DESKTOP-6E2LR27" failures="0" tests="1" name="practiceTestNG.CreateOrgWithTynInTest" time="43.960" errors="0" timestamp="2023-07-04T12:17:16 IST" skipped="0">
  <testcase classname="practiceTestNG.CreateOrgWithTynInTest" name="createOrgWithTynInTest" time="43.960"/>
  <system-out/>
</testsuite> <!-- practiceTestNG.CreateOrgWithTynInTest -->
