<?xml version="1.0" encoding="UTF-8"?>
<!-- Generated by org.testng.reporters.JUnitReportReporter -->
<testsuite hostname="DESKTOP-6E2LR27" failures="0" tests="4" name="practice.TestNgex" time="0.020" errors="0" timestamp="2023-06-21T11:46:19 IST" skipped="0">
  <testcase classname="practice.TestNgex" name="deleteContact" time="0.013"/>
  <system-out/>
  <testcase classname="practice.TestNgex" name="deleteContact" time="0.002"/>
  <system-out/>
  <testcase classname="practice.TestNgex" name="deleteContact" time="0.002"/>
  <system-out/>
  <testcase classname="practice.TestNgex" name="modifyContact" time="0.003"/>
  <system-out/>
</testsuite> <!-- practice.TestNgex -->
