<?xml version="1.0" encoding="UTF-8"?>
<!-- Generated by org.testng.reporters.JUnitReportReporter -->
<testsuite hostname="DESKTOP-6E2LR27" failures="0" tests="2" name="practiceTestNG.RegressionTest" time="74.577" errors="0" timestamp="2023-06-22T13:02:27 IST" skipped="0">
  <testcase classname="practiceTestNG.RegressionTest" name="createOrganizationTest" time="36.767"/>
  <system-out/>
  <testcase classname="practiceTestNG.RegressionTest" name="createCampaignTest" time="37.810"/>
  <system-out/>
</testsuite> <!-- practiceTestNG.RegressionTest -->
