<?xml version="1.0" encoding="UTF-8"?>
<!-- Generated by org.testng.reporters.JUnitReportReporter -->
<testsuite hostname="DESKTOP-6E2LR27" failures="0" tests="2" name="practice.DataProviderEx1" time="0.012" errors="0" timestamp="2023-06-27T10:39:15 IST" skipped="0">
  <testcase classname="practice.DataProviderEx1" name="bookTicket" time="0.004"/>
  <system-out/>
  <testcase classname="practice.DataProviderEx1" name="bookTicket" time="0.008"/>
  <system-out/>
</testsuite> <!-- practice.DataProviderEx1 -->
