<?xml version="1.0" encoding="UTF-8"?>
<!-- Generated by org.testng.reporters.JUnitReportReporter -->
<testsuite hostname="DESKTOP-6E2LR27" failures="0" tests="1" name="practiceTestNG.CreateProductAndCampaignTest" time="59.904" errors="0" timestamp="2023-06-26T15:19:43 IST" skipped="0">
  <testcase classname="practiceTestNG.CreateProductAndCampaignTest" name="createProductAndCampaignTest" time="59.904"/>
  <system-out/>
</testsuite> <!-- practiceTestNG.CreateProductAndCampaignTest -->
