<?xml version="1.0" encoding="UTF-8"?>
<!-- Generated by org.testng.reporters.JUnitReportReporter -->
<testsuite hostname="DESKTOP-6E2LR27" failures="0" tests="3" name="practice.DataProviderEx2" time="94.807" errors="0" timestamp="2023-06-27T11:12:45 IST" skipped="0">
  <testcase classname="practice.DataProviderEx2" name="createOrgDataPro" time="31.504"/>
  <system-out/>
  <testcase classname="practice.DataProviderEx2" name="createOrgDataPro" time="31.489"/>
  <system-out/>
  <testcase classname="practice.DataProviderEx2" name="createOrgDataPro" time="31.814"/>
  <system-out/>
</testsuite> <!-- practice.DataProviderEx2 -->
